<?xml version="1.0" encoding="UTF-8"?>
<TestRun id="7728afda-538c-46ff-8738-2775f53ab4f1" name="Administrator@HJYANG 2018-09-06 23:56:56" runUser="HJYANG\Administrator" xmlns="http://microsoft.com/schemas/VisualStudio/TeamTest/2010">
  <TestSettings name="本地" id="2528fc98-d90d-4c8b-aea5-8dd477e84bae">
    <Description>这些设置为本地测试运行的默认测试设置。</Description>
    <Deployment enabled="false" runDeploymentRoot="Administrator_HJYANG 2018-09-06 23_56_56">
      <DeploymentItem filename="E:\AnyShare Cloud\杨慧炯\C#2018秋\AssignmentTwo\AssignmentTwo\bin\Debug\AssignmentTwo.exe" />
    </Deployment>
    <Execution>
      <TestTypeSpecific />
      <AgentRule name="Execution Agents">
      </AgentRule>
    </Execution>
  </TestSettings>
  <Times creation="2018-09-06T23:56:56.9607345+08:00" queuing="2018-09-06T23:56:58.0880881+08:00" start="2018-09-06T23:56:58.1640572+08:00" finish="2018-09-06T23:57:14.4362524+08:00" />
  <ResultSummary outcome="Completed">
    <Counters total="8" executed="8" passed="8" error="0" failed="0" timeout="0" aborted="0" inconclusive="0" passedButRunAborted="0" notRunnable="0" notExecuted="0" disconnected="0" warning="0" completed="0" inProgress="0" pending="0" />
  </ResultSummary>
  <TestDefinitions>
    <UnitTest name="concatArrayUnitTest" storage="e:\anyshare cloud\杨慧炯\c#2018秋\assignmenttwo\testassigntmenttwo\bin\debug\testassigntmenttwo.dll" id="c3ab52fe-7d09-263f-1652-d6db76b5468d">
      <Execution id="6bec6ee6-8299-4c9a-9372-67eb5d46c8fa" />
      <TestMethod codeBase="E:/AnyShare Cloud/杨慧炯/C#2018秋/AssignmentTwo/TestAssigntmentTwo/bin/Debug/TestAssigntmentTwo.DLL" adapterTypeName="Microsoft.VisualStudio.TestTools.TestTypes.Unit.UnitTestAdapter, Microsoft.VisualStudio.QualityTools.Tips.UnitTest.Adapter, Version=10.0.0.0, Culture=neutral, PublicKeyToken=b03f5f7f11d50a3a" className="TestAssigntmentTwo.TestAssignmentTwo, TestAssigntmentTwo, Version=1.0.0.0, Culture=neutral, PublicKeyToken=null" name="concatArrayUnitTest" />
    </UnitTest>
    <UnitTest name="bigDiffUnitTest" storage="e:\anyshare cloud\杨慧炯\c#2018秋\assignmenttwo\testassigntmenttwo\bin\debug\testassigntmenttwo.dll" id="133f1754-cead-6f3e-0ec8-a62fbf84ab88">
      <Execution id="14defb85-bf7d-419b-a463-3dc04a80831c" />
      <TestMethod codeBase="E:/AnyShare Cloud/杨慧炯/C#2018秋/AssignmentTwo/TestAssigntmentTwo/bin/Debug/TestAssigntmentTwo.DLL" adapterTypeName="Microsoft.VisualStudio.TestTools.TestTypes.Unit.UnitTestAdapter, Microsoft.VisualStudio.QualityTools.Tips.UnitTest.Adapter, Version=10.0.0.0, Culture=neutral, PublicKeyToken=b03f5f7f11d50a3a" className="TestAssigntmentTwo.TestAssignmentTwo, TestAssigntmentTwo, Version=1.0.0.0, Culture=neutral, PublicKeyToken=null" name="bigDiffUnitTest" />
    </UnitTest>
    <UnitTest name="minUnitTest" storage="e:\anyshare cloud\杨慧炯\c#2018秋\assignmenttwo\testassigntmenttwo\bin\debug\testassigntmenttwo.dll" id="3a28acc5-0811-60d1-0142-344efeca9257">
      <Execution id="3e440dd2-93a6-414a-8133-bd57652b47b8" />
      <TestMethod codeBase="E:/AnyShare Cloud/杨慧炯/C#2018秋/AssignmentTwo/TestAssigntmentTwo/bin/Debug/TestAssigntmentTwo.DLL" adapterTypeName="Microsoft.VisualStudio.TestTools.TestTypes.Unit.UnitTestAdapter, Microsoft.VisualStudio.QualityTools.Tips.UnitTest.Adapter, Version=10.0.0.0, Culture=neutral, PublicKeyToken=b03f5f7f11d50a3a" className="TestAssigntmentTwo.TestAssignmentTwo, TestAssigntmentTwo, Version=1.0.0.0, Culture=neutral, PublicKeyToken=null" name="minUnitTest" />
    </UnitTest>
    <UnitTest name="isTriangularUnitTest" storage="e:\anyshare cloud\杨慧炯\c#2018秋\assignmenttwo\testassigntmenttwo\bin\debug\testassigntmenttwo.dll" id="18f28d63-dddf-ac67-77e0-81526b25650b">
      <Execution id="bad34a35-4aa3-47ee-9053-edeaec156861" />
      <TestMethod codeBase="E:/AnyShare Cloud/杨慧炯/C#2018秋/AssignmentTwo/TestAssigntmentTwo/bin/Debug/TestAssigntmentTwo.DLL" adapterTypeName="Microsoft.VisualStudio.TestTools.TestTypes.Unit.UnitTestAdapter, Microsoft.VisualStudio.QualityTools.Tips.UnitTest.Adapter, Version=10.0.0.0, Culture=neutral, PublicKeyToken=b03f5f7f11d50a3a" className="TestAssigntmentTwo.TestAssignmentTwo, TestAssigntmentTwo, Version=1.0.0.0, Culture=neutral, PublicKeyToken=null" name="isTriangularUnitTest" />
    </UnitTest>
    <UnitTest name="numberOfDivisorsUnitTest" storage="e:\anyshare cloud\杨慧炯\c#2018秋\assignmenttwo\testassigntmenttwo\bin\debug\testassigntmenttwo.dll" id="367ebf26-a966-0f57-34c8-dd178c31dc6c">
      <Execution id="ffc253d9-1899-467e-804c-8465c952c99a" />
      <TestMethod codeBase="E:/AnyShare Cloud/杨慧炯/C#2018秋/AssignmentTwo/TestAssigntmentTwo/bin/Debug/TestAssigntmentTwo.DLL" adapterTypeName="Microsoft.VisualStudio.TestTools.TestTypes.Unit.UnitTestAdapter, Microsoft.VisualStudio.QualityTools.Tips.UnitTest.Adapter, Version=10.0.0.0, Culture=neutral, PublicKeyToken=b03f5f7f11d50a3a" className="TestAssigntmentTwo.TestAssignmentTwo, TestAssigntmentTwo, Version=1.0.0.0, Culture=neutral, PublicKeyToken=null" name="numberOfDivisorsUnitTest" />
    </UnitTest>
    <UnitTest name="mostCommonItemUnitTest" storage="e:\anyshare cloud\杨慧炯\c#2018秋\assignmenttwo\testassigntmenttwo\bin\debug\testassigntmenttwo.dll" id="32390355-2471-838d-41b3-60f0b7013a86">
      <Execution id="5a9f7c54-ea73-4fab-ad6a-3b0a32ba94db" />
      <TestMethod codeBase="E:/AnyShare Cloud/杨慧炯/C#2018秋/AssignmentTwo/TestAssigntmentTwo/bin/Debug/TestAssigntmentTwo.DLL" adapterTypeName="Microsoft.VisualStudio.TestTools.TestTypes.Unit.UnitTestAdapter, Microsoft.VisualStudio.QualityTools.Tips.UnitTest.Adapter, Version=10.0.0.0, Culture=neutral, PublicKeyToken=b03f5f7f11d50a3a" className="TestAssigntmentTwo.TestAssignmentTwo, TestAssigntmentTwo, Version=1.0.0.0, Culture=neutral, PublicKeyToken=null" name="mostCommonItemUnitTest" />
    </UnitTest>
    <UnitTest name="maxUnitTest" storage="e:\anyshare cloud\杨慧炯\c#2018秋\assignmenttwo\testassigntmenttwo\bin\debug\testassigntmenttwo.dll" id="b49c96b9-d0f6-76a9-bfd0-ff6706da91df">
      <Execution id="867c2072-b2eb-4c6d-ae31-cff634a41c9f" />
      <TestMethod codeBase="E:/AnyShare Cloud/杨慧炯/C#2018秋/AssignmentTwo/TestAssigntmentTwo/bin/Debug/TestAssigntmentTwo.DLL" adapterTypeName="Microsoft.VisualStudio.TestTools.TestTypes.Unit.UnitTestAdapter, Microsoft.VisualStudio.QualityTools.Tips.UnitTest.Adapter, Version=10.0.0.0, Culture=neutral, PublicKeyToken=b03f5f7f11d50a3a" className="TestAssigntmentTwo.TestAssignmentTwo, TestAssigntmentTwo, Version=1.0.0.0, Culture=neutral, PublicKeyToken=null" name="maxUnitTest" />
    </UnitTest>
    <UnitTest name="formatArrayUnitTest" storage="e:\anyshare cloud\杨慧炯\c#2018秋\assignmenttwo\testassigntmenttwo\bin\debug\testassigntmenttwo.dll" id="0d774269-4a69-d206-119a-6e63576ba2dc">
      <Execution id="4cdb8baf-66f4-450c-8421-298008500c3a" />
      <TestMethod codeBase="E:/AnyShare Cloud/杨慧炯/C#2018秋/AssignmentTwo/TestAssigntmentTwo/bin/Debug/TestAssigntmentTwo.DLL" adapterTypeName="Microsoft.VisualStudio.TestTools.TestTypes.Unit.UnitTestAdapter, Microsoft.VisualStudio.QualityTools.Tips.UnitTest.Adapter, Version=10.0.0.0, Culture=neutral, PublicKeyToken=b03f5f7f11d50a3a" className="TestAssigntmentTwo.TestAssignmentTwo, TestAssigntmentTwo, Version=1.0.0.0, Culture=neutral, PublicKeyToken=null" name="formatArrayUnitTest" />
    </UnitTest>
  </TestDefinitions>
  <TestLists>
    <TestList name="列表中未列出的结果" id="8c84fa94-04c1-424b-9868-57a2d4851a1d" />
    <TestList name="所有已加载的结果" id="19431567-8539-422a-85d7-44ee4e166bda" />
  </TestLists>
  <TestEntries>
    <TestEntry testId="b49c96b9-d0f6-76a9-bfd0-ff6706da91df" executionId="867c2072-b2eb-4c6d-ae31-cff634a41c9f" testListId="8c84fa94-04c1-424b-9868-57a2d4851a1d" />
    <TestEntry testId="3a28acc5-0811-60d1-0142-344efeca9257" executionId="3e440dd2-93a6-414a-8133-bd57652b47b8" testListId="8c84fa94-04c1-424b-9868-57a2d4851a1d" />
    <TestEntry testId="32390355-2471-838d-41b3-60f0b7013a86" executionId="5a9f7c54-ea73-4fab-ad6a-3b0a32ba94db" testListId="8c84fa94-04c1-424b-9868-57a2d4851a1d" />
    <TestEntry testId="367ebf26-a966-0f57-34c8-dd178c31dc6c" executionId="ffc253d9-1899-467e-804c-8465c952c99a" testListId="8c84fa94-04c1-424b-9868-57a2d4851a1d" />
    <TestEntry testId="18f28d63-dddf-ac67-77e0-81526b25650b" executionId="bad34a35-4aa3-47ee-9053-edeaec156861" testListId="8c84fa94-04c1-424b-9868-57a2d4851a1d" />
    <TestEntry testId="0d774269-4a69-d206-119a-6e63576ba2dc" executionId="4cdb8baf-66f4-450c-8421-298008500c3a" testListId="8c84fa94-04c1-424b-9868-57a2d4851a1d" />
    <TestEntry testId="c3ab52fe-7d09-263f-1652-d6db76b5468d" executionId="6bec6ee6-8299-4c9a-9372-67eb5d46c8fa" testListId="8c84fa94-04c1-424b-9868-57a2d4851a1d" />
    <TestEntry testId="133f1754-cead-6f3e-0ec8-a62fbf84ab88" executionId="14defb85-bf7d-419b-a463-3dc04a80831c" testListId="8c84fa94-04c1-424b-9868-57a2d4851a1d" />
  </TestEntries>
  <Results>
    <UnitTestResult executionId="867c2072-b2eb-4c6d-ae31-cff634a41c9f" testId="b49c96b9-d0f6-76a9-bfd0-ff6706da91df" testName="maxUnitTest" computerName="HJYANG" duration="00:00:05.2886368" startTime="2018-09-06T23:56:58.2439998+08:00" endTime="2018-09-06T23:57:04.2855456+08:00" testType="13cdc9d9-ddb5-4fa4-a97d-d965ccfc6d4b" outcome="Passed" testListId="8c84fa94-04c1-424b-9868-57a2d4851a1d" relativeResultsDirectory="867c2072-b2eb-4c6d-ae31-cff634a41c9f">
      <Output>
        <StdOut>Success!!</StdOut>
      </Output>
    </UnitTestResult>
    <UnitTestResult executionId="3e440dd2-93a6-414a-8133-bd57652b47b8" testId="3a28acc5-0811-60d1-0142-344efeca9257" testName="minUnitTest" computerName="HJYANG" duration="00:00:02.3200178" startTime="2018-09-06T23:57:04.2925471+08:00" endTime="2018-09-06T23:57:06.6921706+08:00" testType="13cdc9d9-ddb5-4fa4-a97d-d965ccfc6d4b" outcome="Passed" testListId="8c84fa94-04c1-424b-9868-57a2d4851a1d" relativeResultsDirectory="3e440dd2-93a6-414a-8133-bd57652b47b8">
      <Output>
        <StdOut>Success!!</StdOut>
      </Output>
    </UnitTestResult>
    <UnitTestResult executionId="5a9f7c54-ea73-4fab-ad6a-3b0a32ba94db" testId="32390355-2471-838d-41b3-60f0b7013a86" testName="mostCommonItemUnitTest" computerName="HJYANG" duration="00:00:01.0237824" startTime="2018-09-06T23:57:06.7191556+08:00" endTime="2018-09-06T23:57:07.8160376+08:00" testType="13cdc9d9-ddb5-4fa4-a97d-d965ccfc6d4b" outcome="Passed" testListId="8c84fa94-04c1-424b-9868-57a2d4851a1d" relativeResultsDirectory="5a9f7c54-ea73-4fab-ad6a-3b0a32ba94db">
      <Output>
        <StdOut>Success!!</StdOut>
      </Output>
    </UnitTestResult>
    <UnitTestResult executionId="ffc253d9-1899-467e-804c-8465c952c99a" testId="367ebf26-a966-0f57-34c8-dd178c31dc6c" testName="numberOfDivisorsUnitTest" computerName="HJYANG" duration="00:00:00.8812377" startTime="2018-09-06T23:57:07.8420256+08:00" endTime="2018-09-06T23:57:08.8144676+08:00" testType="13cdc9d9-ddb5-4fa4-a97d-d965ccfc6d4b" outcome="Passed" testListId="8c84fa94-04c1-424b-9868-57a2d4851a1d" relativeResultsDirectory="ffc253d9-1899-467e-804c-8465c952c99a">
      <Output>
        <StdOut>Success!!</StdOut>
      </Output>
    </UnitTestResult>
    <UnitTestResult executionId="bad34a35-4aa3-47ee-9053-edeaec156861" testId="18f28d63-dddf-ac67-77e0-81526b25650b" testName="isTriangularUnitTest" computerName="HJYANG" duration="00:00:00.5305701" startTime="2018-09-06T23:57:08.8394520+08:00" endTime="2018-09-06T23:57:09.4441082+08:00" testType="13cdc9d9-ddb5-4fa4-a97d-d965ccfc6d4b" outcome="Passed" testListId="8c84fa94-04c1-424b-9868-57a2d4851a1d" relativeResultsDirectory="bad34a35-4aa3-47ee-9053-edeaec156861">
      <Output>
        <StdOut>Success!!</StdOut>
      </Output>
    </UnitTestResult>
    <UnitTestResult executionId="4cdb8baf-66f4-450c-8421-298008500c3a" testId="0d774269-4a69-d206-119a-6e63576ba2dc" testName="formatArrayUnitTest" computerName="HJYANG" duration="00:00:00.4949417" startTime="2018-09-06T23:57:09.4710994+08:00" endTime="2018-09-06T23:57:10.0547581+08:00" testType="13cdc9d9-ddb5-4fa4-a97d-d965ccfc6d4b" outcome="Passed" testListId="8c84fa94-04c1-424b-9868-57a2d4851a1d" relativeResultsDirectory="4cdb8baf-66f4-450c-8421-298008500c3a">
      <Output>
        <StdOut>Success!!</StdOut>
      </Output>
    </UnitTestResult>
    <UnitTestResult executionId="6bec6ee6-8299-4c9a-9372-67eb5d46c8fa" testId="c3ab52fe-7d09-263f-1652-d6db76b5468d" testName="concatArrayUnitTest" computerName="HJYANG" duration="00:00:00.3222325" startTime="2018-09-06T23:57:10.0797439+08:00" endTime="2018-09-06T23:57:10.4955063+08:00" testType="13cdc9d9-ddb5-4fa4-a97d-d965ccfc6d4b" outcome="Passed" testListId="8c84fa94-04c1-424b-9868-57a2d4851a1d" relativeResultsDirectory="6bec6ee6-8299-4c9a-9372-67eb5d46c8fa">
      <Output>
        <StdOut>Success!!</StdOut>
      </Output>
    </UnitTestResult>
    <UnitTestResult executionId="14defb85-bf7d-419b-a463-3dc04a80831c" testId="133f1754-cead-6f3e-0ec8-a62fbf84ab88" testName="bigDiffUnitTest" computerName="HJYANG" duration="00:00:03.7676675" startTime="2018-09-06T23:57:10.5205218+08:00" endTime="2018-09-06T23:57:14.3692914+08:00" testType="13cdc9d9-ddb5-4fa4-a97d-d965ccfc6d4b" outcome="Passed" testListId="8c84fa94-04c1-424b-9868-57a2d4851a1d" relativeResultsDirectory="14defb85-bf7d-419b-a463-3dc04a80831c">
      <Output>
        <StdOut>Success!!</StdOut>
      </Output>
    </UnitTestResult>
  </Results>
</TestRun>